0 info it worked if it ends with ok
1 verbose cli [ '/usr/local/bin/node',
1 verbose cli   '/usr/local/bin/npm',
1 verbose cli   'install',
1 verbose cli   'grunt-watch' ]
2 info using npm@2.15.9
3 info using node@v4.5.0
4 verbose install initial load of /Users/mac/Desktop/longform/package.json
5 warn package.json longform@1.0.0 No description
6 warn package.json longform@1.0.0 No repository field.
7 warn package.json longform@1.0.0 No README data
8 verbose installManyTop reading scoped package data from /Users/mac/Desktop/longform/node_modules/babel-core/package.json
9 verbose installManyTop reading scoped package data from /Users/mac/Desktop/longform/node_modules/babel-loader/package.json
10 verbose installManyTop reading scoped package data from /Users/mac/Desktop/longform/node_modules/babel-preset-es2015/package.json
11 verbose installManyTop reading scoped package data from /Users/mac/Desktop/longform/node_modules/babel-preset-react/package.json
12 verbose installManyTop reading scoped package data from /Users/mac/Desktop/longform/node_modules/css-loader/package.json
13 verbose installManyTop reading scoped package data from /Users/mac/Desktop/longform/node_modules/grunt/package.json
14 verbose installManyTop reading scoped package data from /Users/mac/Desktop/longform/node_modules/grunt-contrib-concat/package.json
15 verbose installManyTop reading scoped package data from /Users/mac/Desktop/longform/node_modules/grunt-contrib-sass/package.json
16 verbose installManyTop reading scoped package data from /Users/mac/Desktop/longform/node_modules/grunt-contrib-watch/package.json
17 verbose installManyTop reading scoped package data from /Users/mac/Desktop/longform/node_modules/grunt-exec/package.json
18 verbose installManyTop reading scoped package data from /Users/mac/Desktop/longform/node_modules/grunt-sass/package.json
19 verbose installManyTop reading scoped package data from /Users/mac/Desktop/longform/node_modules/mobx/package.json
20 verbose installManyTop reading scoped package data from /Users/mac/Desktop/longform/node_modules/mobx-react/package.json
21 verbose installManyTop reading scoped package data from /Users/mac/Desktop/longform/node_modules/react/package.json
22 verbose installManyTop reading scoped package data from /Users/mac/Desktop/longform/node_modules/react-dom/package.json
23 verbose installManyTop reading scoped package data from /Users/mac/Desktop/longform/node_modules/react-redux/package.json
24 verbose installManyTop reading scoped package data from /Users/mac/Desktop/longform/node_modules/redux/package.json
25 verbose installManyTop reading scoped package data from /Users/mac/Desktop/longform/node_modules/style-loader/package.json
26 verbose installManyTop reading scoped package data from /Users/mac/Desktop/longform/node_modules/webpack/package.json
27 verbose readDependencies loading dependencies from /Users/mac/Desktop/longform/package.json
28 silly cache add args [ 'grunt-watch', null ]
29 verbose cache add spec grunt-watch
30 silly cache add parsed spec Result {
30 silly cache add   raw: 'grunt-watch',
30 silly cache add   scope: null,
30 silly cache add   name: 'grunt-watch',
30 silly cache add   rawSpec: '',
30 silly cache add   spec: 'latest',
30 silly cache add   type: 'tag' }
31 silly addNamed grunt-watch@latest
32 verbose addNamed "latest" is being treated as a dist-tag for grunt-watch
33 info addNameTag [ 'grunt-watch', 'latest' ]
34 silly mapToRegistry name grunt-watch
35 silly mapToRegistry using default registry
36 silly mapToRegistry registry https://registry.npmjs.org/
37 silly mapToRegistry data Result {
37 silly mapToRegistry   raw: 'grunt-watch',
37 silly mapToRegistry   scope: null,
37 silly mapToRegistry   name: 'grunt-watch',
37 silly mapToRegistry   rawSpec: '',
37 silly mapToRegistry   spec: 'latest',
37 silly mapToRegistry   type: 'tag' }
38 silly mapToRegistry uri https://registry.npmjs.org/grunt-watch
39 verbose addNameTag registry:https://registry.npmjs.org/grunt-watch not in flight; fetching
40 verbose request uri https://registry.npmjs.org/grunt-watch
41 verbose request no auth needed
42 info attempt registry request try #1 at 2:02:54 PM
43 verbose request id 30feae2de7e947ff
44 http request GET https://registry.npmjs.org/grunt-watch
45 http 404 https://registry.npmjs.org/grunt-watch
46 verbose headers { 'content-type': 'application/json',
46 verbose headers   'cache-control': 'max-age=0',
46 verbose headers   'content-length': '2',
46 verbose headers   'accept-ranges': 'bytes',
46 verbose headers   date: 'Sat, 26 Nov 2016 22:02:55 GMT',
46 verbose headers   via: '1.1 varnish',
46 verbose headers   age: '0',
46 verbose headers   connection: 'keep-alive',
46 verbose headers   'x-served-by': 'cache-sjc3644-SJC',
46 verbose headers   'x-cache': 'MISS',
46 verbose headers   'x-cache-hits': '0',
46 verbose headers   'x-timer': 'S1480197774.863083,VS0,VE332',
46 verbose headers   vary: 'Accept-Encoding' }
47 silly get cb [ 404,
47 silly get   { 'content-type': 'application/json',
47 silly get     'cache-control': 'max-age=0',
47 silly get     'content-length': '2',
47 silly get     'accept-ranges': 'bytes',
47 silly get     date: 'Sat, 26 Nov 2016 22:02:55 GMT',
47 silly get     via: '1.1 varnish',
47 silly get     age: '0',
47 silly get     connection: 'keep-alive',
47 silly get     'x-served-by': 'cache-sjc3644-SJC',
47 silly get     'x-cache': 'MISS',
47 silly get     'x-cache-hits': '0',
47 silly get     'x-timer': 'S1480197774.863083,VS0,VE332',
47 silly get     vary: 'Accept-Encoding' } ]
48 verbose stack Error: Registry returned 404 for GET on https://registry.npmjs.org/grunt-watch
48 verbose stack     at makeError (/usr/local/lib/node_modules/npm/node_modules/npm-registry-client/lib/request.js:264:12)
48 verbose stack     at CachingRegistryClient.<anonymous> (/usr/local/lib/node_modules/npm/node_modules/npm-registry-client/lib/request.js:242:14)
48 verbose stack     at Request._callback (/usr/local/lib/node_modules/npm/node_modules/npm-registry-client/lib/request.js:172:14)
48 verbose stack     at Request.self.callback (/usr/local/lib/node_modules/npm/node_modules/request/request.js:200:22)
48 verbose stack     at emitTwo (events.js:87:13)
48 verbose stack     at Request.emit (events.js:172:7)
48 verbose stack     at Request.<anonymous> (/usr/local/lib/node_modules/npm/node_modules/request/request.js:1067:10)
48 verbose stack     at emitOne (events.js:82:20)
48 verbose stack     at Request.emit (events.js:169:7)
48 verbose stack     at IncomingMessage.<anonymous> (/usr/local/lib/node_modules/npm/node_modules/request/request.js:988:12)
49 verbose statusCode 404
50 verbose pkgid grunt-watch
51 verbose cwd /Users/mac/Desktop/longform
52 error Darwin 16.1.0
53 error argv "/usr/local/bin/node" "/usr/local/bin/npm" "install" "grunt-watch"
54 error node v4.5.0
55 error npm  v2.15.9
56 error code E404
57 error 404 Registry returned 404 for GET on https://registry.npmjs.org/grunt-watch
57 error 404
57 error 404 'grunt-watch' is not in the npm registry.
57 error 404 You should bug the author to publish it (or use the name yourself!)
57 error 404 It was specified as a dependency of 'longform'
57 error 404
57 error 404 Note that you can also install from a
57 error 404 tarball, folder, http url, or git url.
58 verbose exit [ 1, true ]
